SED=/usr/bin/sed
MOMC_NO_INVERSE_RELATIONSHIP_WARNINGS=NO
PREFIX_CFLAG_BASE=
GCC_TREAT_INCOMPATIBLE_POINTER_TYPE_WARNINGS_AS_ERRORS=NO
SDK_PRODUCT_BUILD_VERSION=12F69
COPY_PHASE_STRIP=YES
HEADERMAP_INCLUDES_PROJECT_HEADERS=YES
CLANG_ANALYZER_OUTPUT_DIR=/Users/brettonw/Library/Developer/Xcode/DerivedData/ManualCamera-ghibnlkgtnxcagcfnjroulqwbyfz/Build/Intermediates/ArchiveIntermediates/ManualCamera/IntermediateBuildFilesPath/ManualCamera.build/Release-iphoneos/ManualCamera.build
LOCAL_APPS_DIR=/Applications
ENABLE_STRICT_OBJC_MSGSEND=NO
JAVA_ZIP_FLAGS=-urg
SWIFT_OPTIMIZATION_LEVEL=-O
REMOVE_CVS_FROM_RESOURCES=YES
IBSC_REGIONS_AND_STRINGS_FILES=
EXECUTABLES_FOLDER_PATH=ManualCamera.app/Executables
SWIFT_SERIALIZE_DEBUGGING_OPTIONS=
SYSTEM_DEVELOPER_UTILITIES_DIR=/Applications/Xcode.app/Contents/Developer/Applications/Utilities
PROJECT_IPHONEOS_DEPLOYMENT_TARGET=
PRODUCT_NAME=ManualCamera
GCC_WARN_MULTIPLE_DEFINITION_TYPES_FOR_SELECTOR=NO
SPRITEKIT_TEXTURE_ATLAS_FORMAT=RGBA8888_PNG
GCC_ENABLE_KERNEL_DEVELOPMENT=NO
SYSTEM_DEVELOPER_TOOLS_RELEASENOTES_DIR=/Applications/Xcode.app/Contents/Developer/ADC Reference Library/releasenotes/DeveloperTools
TV_DEVICE_TARGET=
PRESERVE_DEAD_CODE_INITS_AND_TERMS=NO
UNLOCALIZED_RESOURCES_FOLDER_PATH=ManualCamera.app
CLANG_MIGRATOR_READWRITE_PROPERTY=YES
GCC_GENERATE_TEST_COVERAGE_FILES=NO
GCC_WARN_TYPECHECK_CALLS_TO_PRINTF=YES
RESOURCE_RULES_PLIST_PATH=
USE_DYNAMIC_NO_PIC=YES
CLANG_ANALYZER_OBJC_ATSYNC=YES
DEVELOPER_DIR=/Applications/Xcode.app/Contents/Developer
ENABLE_APPLE_KEXT_CODE_GENERATION=NO
EXCLUDED_SOURCE_FILE_NAMES=
DEFAULT_SSE_LEVEL_3_NO=default
LIBRARY_FLAG_NOSPACE=YES
LD_GENERATE_MAP_FILE=NO
mig_generate_server_sources=NO
CLANG_WARN_EMPTY_BODY=YES
VERSIONING_STUB=
REZ_COLLECTOR_DIR=/Users/brettonw/Library/Developer/Xcode/DerivedData/ManualCamera-ghibnlkgtnxcagcfnjroulqwbyfz/Build/Intermediates/ArchiveIntermediates/ManualCamera/IntermediateBuildFilesPath/ManualCamera.build/Release-iphoneos/ManualCamera.build/ResourceManagerResources
MAC_OS_X_PRODUCT_BUILD_VERSION=14D136
WARNING_CFLAGS=
OPENCL_FAST_RELAXED_MATH=NO
DEVELOPER_SDK_DIR=/Applications/Xcode.app/Contents/Developer/Platforms/MacOSX.platform/Developer/SDKs
DEFAULT_SSE_LEVEL_4_1_NO=default
GCC_SYMBOLS_PRIVATE_EXTERN=YES
OPENCLC=/System/Library/Frameworks/OpenCL.framework/Libraries/openclc
CPP_HEADERMAP_FILE_FOR_PROJECT_FILES=/Users/brettonw/Library/Developer/Xcode/DerivedData/ManualCamera-ghibnlkgtnxcagcfnjroulqwbyfz/Build/Intermediates/ArchiveIntermediates/ManualCamera/IntermediateBuildFilesPath/ManualCamera.build/Release-iphoneos/ManualCamera.build/ManualCamera-project-headers.hmap
TOOLCHAINS=com.apple.dt.toolchain.iOS8_3
LD_DEPENDENCY_INFO_FILE=/undefined_arch/ManualCamera_dependency_info.dat
IBC_PLUGIN_SEARCH_PATHS=
VERSIONS_FOLDER_PATH=
CLANG_ANALYZER_EXEC=/Applications/Xcode.app/Contents/Developer/Toolchains/XcodeDefault.xctoolchain/usr/bin/clang
INCLUDED_SOURCE_FILE_NAMES=
APPLE_INTERNAL_TOOLS=/AppleInternal/Developer/Tools
NASM_OTHER_FLAGS=
GCC_C_LANGUAGE_STANDARD=gnu99
CLANG_ANALYZER_SECURITY_INSECUREAPI_GETPW_GETS=YES
GCC_WARN_UNUSED_FUNCTION=YES
PREFIX_HEADER=
OPENCL_OPTIMIZATION_LEVEL=s
LIBRARY_FLAG_PREFIX=-l
PROVISIONING_PROFILE=
MTLLINKER_OUTPUT_FILE=
PRIVATE_HEADERS_FOLDER_PATH=ManualCamera.app/PrivateHeaders
IBSC_WARNINGS=YES
NATIVE_ARCH_64_BIT=x86_64
SWIFT_OBJC_BRIDGING_HEADER=
DEVELOPER_FRAMEWORKS_DIR_QUOTED=/Applications/Xcode.app/Contents/Developer/Library/Frameworks
ALL_OTHER_LIBTOOLFLAGS=    
CLANG_ANALYZER_SECURITY_KEYCHAIN_API=YES
GCC_WARN_ABOUT_POINTER_SIGNEDNESS=YES
CLANG_MODULES_IGNORE_MACROS=
CURRENT_VERSION=
GCC_WARN_ABOUT_RETURN_TYPE=YES_ERROR
CPP_HEADERMAP_FILE=/Users/brettonw/Library/Developer/Xcode/DerivedData/ManualCamera-ghibnlkgtnxcagcfnjroulqwbyfz/Build/Intermediates/ArchiveIntermediates/ManualCamera/IntermediateBuildFilesPath/ManualCamera.build/Release-iphoneos/ManualCamera.build/ManualCamera.hmap
GCC_WARN_ABOUT_INVALID_OFFSETOF_MACRO=YES
GCC_USE_GCC3_PFE_SUPPORT=
CONFIGURATION=Release
SHELL=/bin/bash
_exclude_ds_store_files_=
OBJROOT=/Users/brettonw/Library/Developer/Xcode/DerivedData/ManualCamera-ghibnlkgtnxcagcfnjroulqwbyfz/Build/Intermediates/ArchiveIntermediates/ManualCamera/IntermediateBuildFilesPath
MTL_FAST_MATH=
VERSION_INFO_BUILDER=brettonw
PLUGINS_FOLDER_PATH=ManualCamera.app/PlugIns
COPY_RESOURCES_FROM_STATIC_FRAMEWORKS=YES
REZ_SUPPRESS_REDECLARED_RESOURCE_TYPE_WARNINGS=NO
CLANG_WARN_OBJC_REPEATED_USE_OF_WEAK=NO
build_file_compiler_flags=
SigningCert=
PROJECT=ManualCamera
DTRACE_OTHER_FLAGS=
DEVELOPMENT_LANGUAGE=English
SYSTEM_DEVELOPER_TOOLS=/Applications/Xcode.app/Contents/Developer/Tools
DT_TOOLCHAIN_DIR=/Applications/Xcode.app/Contents/Developer/Toolchains/XcodeDefault.xctoolchain
PRODUCT_TYPE=com.apple.product-type.application
TMPDIR=/var/folders/b0/zltk1gcx1k9b6423bpr0ytnr0000gn/T/
SYSTEM_DOCUMENTATION_DIR=/Library/Documentation
MTLARCHIVER_OUTPUT_FILE=
SYSTEM_DEVELOPER_DIR=/Applications/Xcode.app/Contents/Developer
MACH_O_TYPE=mh_execute
IBSC_NOTICES=YES
CLANG_WARN_ENUM_CONVERSION=YES
InfoPlistPath=
VALIDATE_PLIST_FILES_WHILE_COPYING=NO
SCHEME_NAME=ManualCamera
GCC_WARN_FOUR_CHARACTER_CONSTANTS=NO
IBSC_STRIP_NIBS=YES
LEX_SUPPRESS_WARNINGS=NO
CLASS_FILE_DIR=/Users/brettonw/Library/Developer/Xcode/DerivedData/ManualCamera-ghibnlkgtnxcagcfnjroulqwbyfz/Build/Intermediates/ArchiveIntermediates/ManualCamera/IntermediateBuildFilesPath/ManualCamera.build/Release-iphoneos/ManualCamera.build/JavaClasses
PLATFORM_DEVELOPER_USR_DIR=/Applications/Xcode.app/Contents/Developer/Platforms/iPhoneOS.platform/Developer/usr
INSTALL_DIR=/Users/brettonw/Library/Developer/Xcode/DerivedData/ManualCamera-ghibnlkgtnxcagcfnjroulqwbyfz/Build/Intermediates/ArchiveIntermediates/ManualCamera/InstallationBuildProductsLocation/Applications
Apple_PubSub_Socket_Render=/private/tmp/com.apple.launchd.xYmL8Quegf/Render
GCC_SHORT_ENUMS=NO
ASSETCATALOG_COMPILER_DEPENDENCY_INFO_FILE=/Users/brettonw/Library/Developer/Xcode/DerivedData/ManualCamera-ghibnlkgtnxcagcfnjroulqwbyfz/Build/Intermediates/ArchiveIntermediates/ManualCamera/IntermediateBuildFilesPath/ManualCamera.build/Release-iphoneos/ManualCamera.build/assetcatalog_dependencies.txt
TARGET_BUILD_DIR=/Users/brettonw/Library/Developer/Xcode/DerivedData/ManualCamera-ghibnlkgtnxcagcfnjroulqwbyfz/Build/Intermediates/ArchiveIntermediates/ManualCamera/BuildProductsPath/Release-iphoneos
CLANG_MIGRATOR_INSTANCE_TYPE=YES
ASSETCATALOG_OTHER_FLAGS=
CLANG_OBJC_MIGRATE_DIR=
JAVA_FRAMEWORK_JARS=
CLANG_WARN_DOCUMENTATION_COMMENTS=NO
CLANG_ANALYZER_OBJC_RETAIN_COUNT=YES
PLIST_FILE_OUTPUT_FORMAT=binary
GCC_ENABLE_PASCAL_STRINGS=YES
LEX_INSERT_LINE_DIRECTIVES=YES
SYSTEM_DEVELOPER_DOC_DIR=/Applications/Xcode.app/Contents/Developer/ADC Reference Library
JAVA_APP_STUB=/System/Library/Frameworks/JavaVM.framework/Resources/MacOS/JavaApplicationStub
CLEAN_PRECOMPS=YES
variant=normal
CLANG_ANALYZER_GCD=YES
PBDEVELOPMENTPLIST_PATH=ManualCamera.app/pbdevelopment.plist
IPAD_DEVICE_TARGET=
CONFIGURATION_TEMP_DIR=/Users/brettonw/Library/Developer/Xcode/DerivedData/ManualCamera-ghibnlkgtnxcagcfnjroulqwbyfz/Build/Intermediates/ArchiveIntermediates/ManualCamera/IntermediateBuildFilesPath/ManualCamera.build/Release-iphoneos
WRAPPER_EXTENSION=app
NATIVE_ARCH_32_BIT=i386
ARCHS_STANDARD_32_64_BIT=armv7 arm64
MallocNanoZone=0
GCC_INCREASE_PRECOMPILED_HEADER_SHARING=NO
IBSC_COMPILER_AUTO_ACTIVATE_CUSTOM_FONTS=YES
MAC_OS_X_VERSION_MINOR=1003
SHARED_SUPPORT_FOLDER_PATH=ManualCamera.app/SharedSupport
GCC_WARN_UNDECLARED_SELECTOR=YES
REZ_PREPROCESSOR_DEFINITIONS=
ARCHIVE_PATH=/Users/brettonw/Library/Developer/Xcode/Archives/2015-06-20/ManualCamera 6-20-15, 2.04 AM.xcarchive
PFE_FILE_C_DIALECTS=objective-c
AVAILABLE_PLATFORMS=iphonesimulator macosx iphoneos
SDKROOT=iphoneos
APPLE_INTERNAL_DIR=/AppleInternal
GCC_ENABLE_TRIGRAPHS=NO
CLANG_WARN_OBJC_RECEIVER_WEAK=NO
TARGETED_DEVICE_FAMILY=1,2
OTHER_RESMERGERFLAGS=
RESOURCE_RULES_REQUIRED=YES
BUILD_VARIANTS=normal
CLANG_MODULES_VALIDATE_SYSTEM_HEADERS=NO
DSTROOT=/Users/brettonw/Library/Developer/Xcode/DerivedData/ManualCamera-ghibnlkgtnxcagcfnjroulqwbyfz/Build/Intermediates/ArchiveIntermediates/ManualCamera/InstallationBuildProductsLocation
ADDITIONAL_SDKS=
INFOPLIST_PREPROCESSOR_DEFINITIONS=
GCC_WARN_HIDDEN_VIRTUAL_FUNCTIONS=NO
INFOPLIST_PREPROCESS=NO
REMOVE_HG_FROM_RESOURCES=YES
USER_LIBRARY_DIR=/Users/brettonw/Library
PLATFORM_NAME=iphoneos
LIBRARY_SEARCH_PATHS=
GCC_ENABLE_ASM_KEYWORD=YES
SYSTEM_DEVELOPER_RELEASENOTES_DIR=/Applications/Xcode.app/Contents/Developer/ADC Reference Library/releasenotes
LD_MAP_FILE_PATH=/Users/brettonw/Library/Developer/Xcode/DerivedData/ManualCamera-ghibnlkgtnxcagcfnjroulqwbyfz/Build/Intermediates/ArchiveIntermediates/ManualCamera/IntermediateBuildFilesPath/ManualCamera.build/Release-iphoneos/ManualCamera.build/ManualCamera-LinkMap-normal-undefined_arch.txt
SDK_NAME=iphoneos8.3
GCC_INLINES_ARE_PRIVATE_EXTERN=YES
TEMP_DIR=/Users/brettonw/Library/Developer/Xcode/DerivedData/ManualCamera-ghibnlkgtnxcagcfnjroulqwbyfz/Build/Intermediates/ArchiveIntermediates/ManualCamera/IntermediateBuildFilesPath/ManualCamera.build/Release-iphoneos/ManualCamera.build
MOMC_NO_WARNINGS=NO
OS=MACOS
GCC_GENERATE_DEBUGGING_SYMBOLS=YES
CLANG_MIGRATOR_OBJC_SUBSCRIPTING=YES
CLANG_WARN_OBJC_IMPLICIT_RETAIN_SELF=NO
XCODE_DEVELOPER_DIR_PATH=
LOCALIZED_RESOURCES_FOLDER_PATH=ManualCamera.app/English.lproj
CONFIGURATION_BUILD_DIR=/Users/brettonw/Library/Developer/Xcode/DerivedData/ManualCamera-ghibnlkgtnxcagcfnjroulqwbyfz/Build/Intermediates/ArchiveIntermediates/ManualCamera/BuildProductsPath/Release-iphoneos
XCODE_PRODUCT_BUILD_VERSION=6D2105
DEFINES_MODULE=NO
CLANG_WARN_UNREACHABLE_CODE=NO
GCC_ENABLE_OBJC_GC=unsupported
GCC_REUSE_STRINGS=YES
MAPC_NO_WARNINGS=NO
APPLE_INTERNAL_DEVELOPER_DIR=/AppleInternal/Developer
SWIFT_ENABLE_APP_EXTENSION=NO
WRAPPER_SUFFIX=.app
DERIVED_FILES_DIR=/Users/brettonw/Library/Developer/Xcode/DerivedData/ManualCamera-ghibnlkgtnxcagcfnjroulqwbyfz/Build/Intermediates/ArchiveIntermediates/ManualCamera/IntermediateBuildFilesPath/ManualCamera.build/Release-iphoneos/ManualCamera.build/DerivedSources
MTL_TREAT_WARNINGS_AS_ERRORS=
CLANG_ANALYZER_MALLOC=YES
EFFECTIVE_PLATFORM_NAME=-iphoneos
GCC_ENABLE_OBJC_EXCEPTIONS=YES
IBC_MODULE=ManualCamera
CLANG_WARN_IMPLICIT_SIGN_CONVERSION=NO
SPRITEKIT_TEXTURE_ATLAS_WARNINGS=Yes
PATH_PREFIXES_EXCLUDED_FROM_HEADER_DEPENDENCIES=/usr/include /usr/local/include /System/Library/Frameworks /System/Library/PrivateFrameworks /Applications/Xcode.app/Contents/Developer/Headers /Applications/Xcode.app/Contents/Developer/SDKs /Applications/Xcode.app/Contents/Developer/Platforms
SWIFT_OBJC_INTERFACE_HEADER_NAME=ManualCamera-Swift.h
DEFAULT_SSE_LEVEL_4_2_YES=sse4.2
CLANG_MIGRATOR_NSENUM_MACROS=YES
_resolve_src_symlinks_=
UNSIGNED_FRAMEWORKS_FOLDER_PATH=../../BuildProductsPath/SwiftSupport
DEVELOPER_APPLICATIONS_DIR=/Applications/Xcode.app/Contents/Developer/Applications
CLANG_ANALYZER_OBJC_UNUSED_IVARS=YES
GCC_PFE_FILE_C_DIALECTS=c objective-c c++ objective-c++
CPP_HEADER_SYMLINKS_DIR=/Users/brettonw/Library/Developer/Xcode/DerivedData/ManualCamera-ghibnlkgtnxcagcfnjroulqwbyfz/Build/Intermediates/ArchiveIntermediates/ManualCamera/IntermediateBuildFilesPath/ManualCamera.build/Release-iphoneos/ManualCamera.build/ManualCamera.hdrs
CLANG_ANALYZER_SECURITY_BUFFER_OVERFLOW_EXPERIMENTAL=NO
XIB_COMPILER_INFOPLIST_CONTENT_FILE=/Users/brettonw/Library/Developer/Xcode/DerivedData/ManualCamera-ghibnlkgtnxcagcfnjroulqwbyfz/Build/Intermediates/ArchiveIntermediates/ManualCamera/IntermediateBuildFilesPath/ManualCamera.build/Release-iphoneos/ManualCamera.build/-PartialInfo.plist
CPP_HEADERMAP_PRODUCT_HEADERS_VFS_FILE=/Users/brettonw/Library/Developer/Xcode/DerivedData/ManualCamera-ghibnlkgtnxcagcfnjroulqwbyfz/Build/Intermediates/ArchiveIntermediates/ManualCamera/IntermediateBuildFilesPath/ManualCamera.build/all-product-headers.yaml
CAR_DEVICE_TARGET=
USER=brettonw
DOCUMENTATION_FOLDER_PATH=ManualCamera.app/English.lproj/Documentation
GROUP=staff
CLANG_WARN_SUSPICIOUS_IMPLICIT_CONVERSION=NO
VERSION_INFO_STRING="@(#)PROGRAM:ManualCamera  PROJECT:ManualCamera-"
OSAC=/usr/bin/osacompile
MODULE_NAME=
PREFIX_REFERENCE=
OTHER_LDFLAGS=
CLANG_MODULES_BUILD_SESSION_FILE=
GCC_WARN_NON_VIRTUAL_DESTRUCTOR=NO
EXECUTABLE_PATH=ManualCamera.app/ManualCamera
CLANG_ARC_MIGRATE_PRECHECK=donothing
JAVA_JAR_FLAGS=cv
HEADERMAP_FILE_FORMAT=traditional
CURRENT_ARCH=undefined_arch
MTL_IGNORE_WARNINGS=
DYLIB_COMPATIBILITY_VERSION=
ENABLE_NS_ASSERTIONS=NO
GCC_WARN_SHADOW=NO
DEPLOYMENT_POSTPROCESSING=YES
EXECUTABLE_PREFIX=
CLANG_MIGRATOR_OBJC_LITERALS=YES
TARGET_NAME=ManualCamera
REZ_PREPROCESSOR_UNDEFINITIONS=
LIBTOOL=libtool
GCC_ENABLE_SSE3_EXTENSIONS=NO
ALTERNATE_PERMISSIONS_FILES=
CURRENT_PROJECT_VERSION=
GCC_OBJC_ABI_VERSION=
CLONE_HEADERS=NO
IBC_STRIP_NIBS=YES
TREAT_MISSING_BASELINES_AS_TEST_FAILURES=NO
GCC_WARN_ABOUT_DEPRECATED_FUNCTIONS=YES
YACC_GENERATE_DEBUGGING_DIRECTIVES=NO
EXCLUDED_RECURSIVE_SEARCH_PATH_SUBDIRECTORIES=*.nib *.lproj *.framework *.gch (*) .DS_Store CVS .svn .git .hg *.xcodeproj *.xcode *.pbproj *.pbxproj
YACC=yacc
LOCAL_DEVELOPER_EXECUTABLES_DIR=
STRIP_STYLE=all
CLANG_ENABLE_OBJC_ARC=YES
GCC_PRODUCT_TYPE_PREPROCESSOR_DEFINITIONS=
CLANG_ARC_MIGRATE_EMIT_ERROR=NO
MODULE_START=
OTHER_CPLUSPLUSFLAGS=
GCC3_VERSION=3.3
ASSETCATALOG_COMPILER_INFOPLIST_CONTENT_FILE=/Users/brettonw/Library/Developer/Xcode/DerivedData/ManualCamera-ghibnlkgtnxcagcfnjroulqwbyfz/Build/Intermediates/ArchiveIntermediates/ManualCamera/IntermediateBuildFilesPath/ManualCamera.build/Release-iphoneos/ManualCamera.build/assetcatalog_generated_info.plist
CLANG_ANALYZER_SECURITY_INSECUREAPI_UNCHECKEDRETURN=YES
YACCFLAGS=
CLANG_MIGRATOR_PROPERTY_ATOMICITY=NS_NONATOMIC_IOSONLY
DEVELOPER_USR_DIR=/Applications/Xcode.app/Contents/Developer/usr
SSH_AUTH_SOCK=/private/tmp/com.apple.launchd.1avYgpc9vp/Listeners
RESMERGER_SOURCES_FORK=auto
BUNDLE_LOADER=
VALIDATE_PRODUCT=YES
PLATFORM_PREFERRED_ARCH=arm64
TARGETNAME=ManualCamera
GCC_ENABLE_EXCEPTIONS=NO
VERSIONPLIST_PATH=ManualCamera.app/version.plist
OBJECT_FILE_DIR=/Users/brettonw/Library/Developer/Xcode/DerivedData/ManualCamera-ghibnlkgtnxcagcfnjroulqwbyfz/Build/Intermediates/ArchiveIntermediates/ManualCamera/IntermediateBuildFilesPath/ManualCamera.build/Release-iphoneos/ManualCamera.build/Objects
SYSTEM_APPS_DIR=/Applications
CPP_PREFIX_HEADER=
CLANG_MIGRATOR_PUBLIC_HEADERS_ONLY=YES
PACKAGE_TYPE=com.apple.package-type.wrapper.application
MOMC_SUPPRESS_INVERSE_TRANSIENT_ERROR=NO
DEFAULT_SSE_LEVEL_4_1_YES=sse4.1
XCODE_APP_SUPPORT_DIR=/Applications/Xcode.app/Contents/Developer/Library/Xcode
CLANG_STATIC_ANALYZER_MODE_ON_ANALYZE_ACTION=deep
MODULE_CACHE_DIR=/Users/brettonw/Library/Developer/Xcode/DerivedData/ModuleCache
ASSETCATALOG_OUTPUT_FORMAT=human-readable-text
__CF_USER_TEXT_ENCODING=0x1F5:0x0:0x0
ARCHIVE_DSYMS_PATH=/Users/brettonw/Library/Developer/Xcode/Archives/2015-06-20/ManualCamera 6-20-15, 2.04 AM.xcarchive/dSYMs
ICONV=/usr/bin/iconv
BUILT_PRODUCTS_DIR=/Users/brettonw/Library/Developer/Xcode/DerivedData/ManualCamera-ghibnlkgtnxcagcfnjroulqwbyfz/Build/Intermediates/ArchiveIntermediates/ManualCamera/BuildProductsPath/Release-iphoneos
SWIFT_EXEC=swiftc
LD_ENTITLEMENTS_SECTION=
IBC_COMPILER_AUTO_ACTIVATE_CUSTOM_FONTS=YES
HEADER_SEARCH_PATHS=
MODULE_STOP=
XCODE_VERSION_ACTUAL=0632
GCC_UNROLL_LOOPS=NO
CODE_SIGN_ENTITLEMENTS=
LEXFLAGS=
PKGINFO_PATH=ManualCamera.app/PkgInfo
LOCAL_ADMIN_APPS_DIR=/Applications/Utilities
DERIVED_SOURCES_DIR=/Users/brettonw/Library/Developer/Xcode/DerivedData/ManualCamera-ghibnlkgtnxcagcfnjroulqwbyfz/Build/Intermediates/ArchiveIntermediates/ManualCamera/IntermediateBuildFilesPath/ManualCamera.build/Release-iphoneos/ManualCamera.build/DerivedSources
DO_HEADER_SCANNING_IN_JAM=NO
USER_APPS_DIR=/Users/brettonw/Applications
GCC_VERSION=
GCC_WARN_ALLOW_INCOMPLETE_PROTOCOL=YES
GCC_OPTIMIZATION_LEVEL=s
OTHER_PRECOMP_CFLAGS=
GCC_WARN_64_TO_32_BIT_CONVERSION=YES
GCC_CW_ASM_SYNTAX=YES
GCC_WARN_SIGN_COMPARE=NO
DERIVED_FILE_DIR=/Users/brettonw/Library/Developer/Xcode/DerivedData/ManualCamera-ghibnlkgtnxcagcfnjroulqwbyfz/Build/Intermediates/ArchiveIntermediates/ManualCamera/IntermediateBuildFilesPath/ManualCamera.build/Release-iphoneos/ManualCamera.build/DerivedSources
CLANG_MIGRATOR_PROTOCOL_CONFORMANCE=NO
ENABLE_HEADER_DEPENDENCIES=YES
ARCHS_STANDARD=armv7 arm64
DEAD_CODE_STRIPPING=YES
CLANG_ENABLE_APP_EXTENSION=NO
SET_FILE_MODE_OWNER_GROUP=NO
DWARF_DSYM_FOLDER_PATH=/Users/brettonw/Library/Developer/Xcode/DerivedData/ManualCamera-ghibnlkgtnxcagcfnjroulqwbyfz/Build/Intermediates/ArchiveIntermediates/ManualCamera/BuildProductsPath/Release-iphoneos
DEFAULT_SSE_LEVEL_3_SUPPLEMENTAL_NO=default
REMOVE_HEADERS_FROM_EMBEDDED_BUNDLES=YES
OTHER_LIBTOOLFLAGS=
CLANG_MODULES_AUTOLINK=YES
GeneratedPkgInfoFile=
GCC_IPHONEOS_VERSION_MIN=8.1
DERIVED_PATHS=
CLANG_X86_VECTOR_INSTRUCTIONS=default
EXECUTABLE_VARIANT_SUFFIX=
COPYING_PRESERVES_HFS_DATA=NO
PRECOMPS_INCLUDE_HEADERS_FROM_BUILT_PRODUCTS_DIR=YES
CLANG_LINK_OBJC_RUNTIME=YES
CLANG_ANALYZER_SECURITY_INSECUREAPI_MKSTEMP=YES
CLANG_COLOR_DIAGNOSTICS=NO
SHARED_DERIVED_FILE_DIR=/Users/brettonw/Library/Developer/Xcode/DerivedData/ManualCamera-ghibnlkgtnxcagcfnjroulqwbyfz/Build/Intermediates/ArchiveIntermediates/ManualCamera/BuildProductsPath/Release-iphoneos/DerivedSources
OutputPath=
GCC_WARN_ABOUT_MISSING_NEWLINE=NO
GCC_ENABLE_SSE42_EXTENSIONS=NO
SYSTEM_DEMOS_DIR=/Applications/Extras
ARCHS_STANDARD_INCLUDING_64_BIT=armv7 arm64
GCC_VERSION_IDENTIFIER=
DWARF_DSYM_FILE_SHOULD_ACCOMPANY_PRODUCT=NO
GCC_TREAT_WARNINGS_AS_ERRORS=NO
MTLCOMPILER_OUTPUT_FILE=
SPRITEKIT_TEXTURE_ATLAS_SIZE=2048x2048
CLANG_WARN_OBJC_ROOT_CLASS=YES_ERROR
CLANG_MODULES_PRUNE_AFTER=345600
CLANG_ARC_MIGRATE_REPORT_OUTPUT=
PRECOMPILE_PREFIX_HEADER=
REZ_SEARCH_PATHS=
MACOS_TYPE_ARG=
IBC_FLATTEN_NIBS=YES
IBC_WARNINGS=YES
JAVA_USE_DEPENDENCIES=YES
ALTERNATE_MODE=u+w,go-w,a+rX
SYMBOL_HEADER=
GCC_TREAT_IMPLICIT_FUNCTION_DECLARATIONS_AS_ERRORS=NO
MAC_OS_X_VERSION_MAX_ALLOWED=
OPTIMIZATION_LEVEL=0
GCC_THUMB_SUPPORT=YES
WATCHKIT_SUPPORT_FOLDER_PATH=/Users/brettonw/Library/Developer/Xcode/DerivedData/ManualCamera-ghibnlkgtnxcagcfnjroulqwbyfz/Build/Intermediates/ArchiveIntermediates/ManualCamera/BuildProductsPath/WatchKitSupport
INSTALL_GROUP=staff
INFOPLIST_PREFIX_HEADER=
GCC_ENABLE_SUPPLEMENTAL_SSE3_INSTRUCTIONS=NO
MAC_OS_X_VERSION_MIN_REQUIRED=
PATH=/Applications/Xcode.app/Contents/Developer/usr/bin:/usr/bin:/bin:/usr/sbin:/sbin
GCC_OBJC_LEGACY_DISPATCH=NO
MODULE_VERSION=
CLANG_ENABLE_MODULES=YES
OutputFormat=
INFOPLIST_OUTPUT_FORMAT=binary
mig_generate_client_sources=YES
ALL_OTHER_LDFLAGS=      
DEFAULT_SSE_LEVEL_4_2_NO=default
CLANG_ANALYZER_OBJC_INCOMP_METHOD_TYPES=YES
ONLY_ACTIVE_ARCH=NO
DEVELOPER_TOOLS_DIR=/Applications/Xcode.app/Contents/Developer/Tools
CLANG_MIGRATOR_OBJC_DESIGNATED_INIT=YES
MACOS_CREATOR=
INSTALL_MODE_FLAG=u+w,go-w,a+rX
PRODUCT_DEFINITION_PLIST=
CODE_SIGNING_ALLOWED=YES
CPP_HEADERMAP_FILE_FOR_ALL_NON_FRAMEWORK_TARGET_HEADERS=/Users/brettonw/Library/Developer/Xcode/DerivedData/ManualCamera-ghibnlkgtnxcagcfnjroulqwbyfz/Build/Intermediates/ArchiveIntermediates/ManualCamera/IntermediateBuildFilesPath/ManualCamera.build/Release-iphoneos/ManualCamera.build/ManualCamera-all-non-framework-target-headers.hmap
WORKSPACE_PATH=/Users/brettonw/Develop/GitHub/BrettonW/iOS-ManualCamera/ManualCamera.xcodeproj/project.xcworkspace
CLANG_MACRO_BACKTRACE_LIMIT=0
IBSC_ERRORS=YES
CLANG_STATIC_ANALYZER_MODE_ACTION_shallow=Shallow
MACOS_CREATOR_ARG=
MODULEMAP_FILE=
FULL_PRODUCT_NAME=ManualCamera.app
STRINGS_FILE_OUTPUT_ENCODING=binary
SHARED_PRECOMPS_DIR=/Users/brettonw/Library/Developer/Xcode/DerivedData/ManualCamera-ghibnlkgtnxcagcfnjroulqwbyfz/Build/Intermediates/ArchiveIntermediates/ManualCamera/PrecompiledHeaders
HEADERMAP_INCLUDES_FRAMEWORK_ENTRIES_FOR_ALL_PRODUCT_TYPES=YES
UNEXPORTED_SYMBOLS_FILE=
LLVM_OPTIMIZATION_LEVEL_VAL_fast=YES
IBC_REGIONS_AND_STRINGS_FILES=
PROJECT_NAME=ManualCamera
VALIDATE_STRINGS_FILES_WHILE_COPYING=YES
CLANG_ANALYZER_OBJC_NSCFERROR=YES
SDK_DIR=/Applications/Xcode.app/Contents/Developer/Platforms/iPhoneOS.platform/Developer/SDKs/iPhoneOS8.3.sdk
EXPORTED_SYMBOLS_FILE=
GCC_DEBUG_INFORMATION_FORMAT=dwarf-with-dsym
CLANG_ANALYZER_SECURITY_INSECUREAPI_STRCPY=NO
CLANG_MIGRATOR_ANNOTATIONS=YES
GID=20
SEPARATE_STRIP=NO
COMPRESS_PNG_FILES=YES
INSTALL_OWNER=brettonw
CONTENTS_FOLDER_PATH=ManualCamera.app
GCC_WARN_PEDANTIC=NO
DTRACE_OUTPUT_FILE_TYPE=Header
STRIP_INSTALLED_PRODUCT=YES
IBSC_FLATTEN_NIBS=YES
OTHER_OSAFLAGS=
JAVAC_DEFAULT_FLAGS=-J-Xms64m -J-XX:NewSize=4M -J-Dfile.encoding=UTF8
FILE_LIST=/Users/brettonw/Library/Developer/Xcode/DerivedData/ManualCamera-ghibnlkgtnxcagcfnjroulqwbyfz/Build/Intermediates/ArchiveIntermediates/ManualCamera/IntermediateBuildFilesPath/ManualCamera.build/Release-iphoneos/ManualCamera.build/Objects/LinkFileList
PWD=/private/var/folders/b0/zltk1gcx1k9b6423bpr0ytnr0000gn/T
PLATFORM_DIR=/Applications/Xcode.app/Contents/Developer/Platforms/iPhoneOS.platform
CODE_SIGN_RESOURCE_RULES_PATH=
PROJECT_FILE_PATH=/Users/brettonw/Develop/GitHub/BrettonW/iOS-ManualCamera/ManualCamera.xcodeproj
CPP_HEADERMAP_FILE_FOR_OWN_TARGET_HEADERS=/Users/brettonw/Library/Developer/Xcode/DerivedData/ManualCamera-ghibnlkgtnxcagcfnjroulqwbyfz/Build/Intermediates/ArchiveIntermediates/ManualCamera/IntermediateBuildFilesPath/ManualCamera.build/Release-iphoneos/ManualCamera.build/ManualCamera-own-target-headers.hmap
CCHROOT=/var/folders/b0/zltk1gcx1k9b6423bpr0ytnr0000gn/C/com.apple.DeveloperTools/6.3.2-6D2105/Xcode
EXECUTABLE_NAME=ManualCamera
REMOVE_GIT_FROM_RESOURCES=YES
APPLICATION_EXTENSION_API_ONLY=NO
FRAMEWORK_SEARCH_PATHS=
PRODUCT_MODULE_NAME=ManualCamera
SUPPORTED_DEVICE_FAMILIES=1,2
IBC_NOTICES=YES
JAVA_FRAMEWORK_RESOURCES_DIRS=Resources
CLANG_ANALYZER_REPORT_MAIN_SOURCE_FILE=YES
IBC_ERRORS=YES
MAC_DEVICE_TARGET=
GCC_DYNAMIC_NO_PIC=NO
CLANG_DIAGNOSTICS_FILE=
NO_COMMON=YES
GCC_FAST_MATH=NO
CLANG_WARN_OBJC_IMPLICIT_ATOMIC_PROPERTIES=NO
CLANG_WARN_OBJC_EXPLICIT_OWNERSHIP_TYPE=NO
IBC_OTHER_FLAGS=
GCC_THREADSAFE_STATICS=YES
CLANG_STATIC_ANALYZER_MODE_ACTION_deep=
LD_RUNPATH_SEARCH_PATHS=
CREATE_INFOPLIST_SECTION_IN_BINARY=NO
SYSTEM_DEVELOPER_GRAPHICS_TOOLS_DIR=/Applications/Xcode.app/Contents/Developer/Applications/Graphics Tools
NASM_PREINCLUDE_FILE=
HEADERMAP_INCLUDES_NONPUBLIC_NONPRIVATE_HEADERS=YES
CLANG_MIGRATOR_READONLY_PROPERTY=YES
print_note_include_stack=YES
JAVA_COMPILER=/usr/bin/javac
VERSION_INFO_FILE=ManualCamera_vers.c
DEVICE_NAME=iOS Device
DEFAULT_KEXT_INSTALL_PATH=/System/Library/Extensions
UNSTRIPPED_PRODUCT=NO
CLANG_RETAIN_COMMENTS_FROM_SYSTEM_HEADERS=NO
EXECUTABLE_SUFFIX=
OTHER_OSACOMPILEFLAGS=
JAVA_SOURCE_SUBDIR=.
PLATFORM_DEVELOPER_APPLICATIONS_DIR=/Applications/Xcode.app/Contents/Developer/Platforms/iPhoneOS.platform/Developer/Applications
IBSC_OTHER_FLAGS=
GCC_MACOSX_VERSION_MIN=
CODE_SIGNING_REQUIRED=YES
AD_HOC_CODE_SIGNING_ALLOWED=NO
CLANG_CXX_LIBRARY=libc++
CodeSignResourceRules=
VERSION_INFO_SUFFIX=
DEPLOYMENT_LOCATION=YES
MOMC_PLATFORMS=iphoneos
DEFAULT_COMPILER=com.apple.compilers.llvm.clang.1_0
SWIFT_LIBRARY_PATH=
CLANG_WARN_CXX0X_EXTENSIONS=NO
SEPARATE_SYMBOL_EDIT=NO
LOCAL_DEVELOPER_DIR=/Library/Developer
CLANG_WARN_ASSIGN_ENUM=NO
REZ_OBJECTS_DIR=/Users/brettonw/Library/Developer/Xcode/DerivedData/ManualCamera-ghibnlkgtnxcagcfnjroulqwbyfz/Build/Intermediates/ArchiveIntermediates/ManualCamera/IntermediateBuildFilesPath/ManualCamera.build/Release-iphoneos/ManualCamera.build/ResourceManagerResources/Objects
SWIFT_LIBRARIES_ONLY=NO
REZ_SCRIPT_TYPE=Roman
INFOPLIST_PATH=ManualCamera.app/Info.plist
DEVELOPER_FRAMEWORKS_DIR=/Applications/Xcode.app/Contents/Developer/Library/Frameworks
REZ_EXECUTABLE=
__INPUT_FILE_LIST_PATH__=
SRCROOT=/Users/brettonw/Develop/GitHub/BrettonW/iOS-ManualCamera
PROJECT_DIR=/Users/brettonw/Develop/GitHub/BrettonW/iOS-ManualCamera
CHOWN=/usr/sbin/chown
PUBLIC_HEADERS_FOLDER_PATH=ManualCamera.app/Headers
GCC_ENABLE_BUILTIN_FUNCTIONS=YES
CLANG_ALLOW_NON_MODULAR_INCLUDES_IN_FRAMEWORK_MODULES=NO
JAVA_FOLDER_PATH=ManualCamera.app/Java
TEMP_FILE_DIR=/Users/brettonw/Library/Developer/Xcode/DerivedData/ManualCamera-ghibnlkgtnxcagcfnjroulqwbyfz/Build/Intermediates/ArchiveIntermediates/ManualCamera/IntermediateBuildFilesPath/ManualCamera.build/Release-iphoneos/ManualCamera.build
COMPOSITE_SDK_DIRS=/var/folders/b0/zltk1gcx1k9b6423bpr0ytnr0000gn/C/com.apple.DeveloperTools/6.3.2-6D2105/Xcode/CompositeSDKs
PASCAL_STRINGS=YES
XPC_FLAGS=0x0
INIT_ROUTINE=
SYSTEM_DEVELOPER_JAVA_TOOLS_DIR=/Applications/Xcode.app/Contents/Developer/Applications/Java Tools
WARNING_LDFLAGS=
CODE_SIGN_CONTEXT_CLASS=XCiPhoneOSCodeSignContext
EMBEDDED_CONTENT_CONTAINS_SWIFT=NO
CLANG_ANALYZER_SECURITY_FLOATLOOPCOUNTER=NO
GCC_NO_COMMON_BLOCKS=NO
GCC_WARN_INITIALIZER_NOT_FULLY_BRACKETED=NO
GCC_WARN_MISSING_PARENTHESES=YES
PROJECT_TEMP_DIR=/Users/brettonw/Library/Developer/Xcode/DerivedData/ManualCamera-ghibnlkgtnxcagcfnjroulqwbyfz/Build/Intermediates/ArchiveIntermediates/ManualCamera/IntermediateBuildFilesPath/ManualCamera.build
MAC_OS_X_VERSION_MAJOR=101000
MOMC_NO_MAX_PROPERTY_COUNT_WARNINGS=NO
STORYBOARD_COMPILER_INFOPLIST_CONTENT_FILE=/Users/brettonw/Library/Developer/Xcode/DerivedData/ManualCamera-ghibnlkgtnxcagcfnjroulqwbyfz/Build/Intermediates/ArchiveIntermediates/ManualCamera/IntermediateBuildFilesPath/ManualCamera.build/Release-iphoneos/ManualCamera.build/-SBPartialInfo.plist
CLANG_ANALYZER_SECURITY_INSECUREAPI_VFORK=YES
GCC_WARN_CHECK_SWITCH_STATEMENTS=YES
CP=/bin/cp
SYMROOT=/Users/brettonw/Library/Developer/Xcode/DerivedData/ManualCamera-ghibnlkgtnxcagcfnjroulqwbyfz/Build/Intermediates/ArchiveIntermediates/ManualCamera/BuildProductsPath
GCC_WARN_UNUSED_PARAMETER=NO
SKIP_INSTALL=NO
GCC_WARN_UNKNOWN_PRAGMAS=NO
IBC_PLUGINS=
PLATFORM_DEVELOPER_TOOLS_DIR=/Applications/Xcode.app/Contents/Developer/Platforms/iPhoneOS.platform/Developer/Tools
RemoveFile=
ASSETCATALOG_COMPILER_APPICON_NAME=AppIcon
JAVA_ARCHIVE_CLASSES=YES
GCC_WARN_ABOUT_MISSING_FIELD_INITIALIZERS=NO
AdditionalInfoFileValues=
XPC_SERVICE_NAME=0
INFOPLIST_OTHER_PREPROCESSOR_FLAGS=
PRELINK_FLAGS=
DWARF_DSYM_FILE_NAME=ManualCamera.app.dSYM
APPLE_INTERNAL_DOCUMENTATION_DIR=/AppleInternal/Documentation
MAC_OS_X_VERSION_ACTUAL=101003
SYSTEM_DEVELOPER_APPS_DIR=/Applications/Xcode.app/Contents/Developer/Applications
CLANG_WARN_DEPRECATED_OBJC_IMPLEMENTATIONS=NO
CLANG=clang
PROJECT_TEMP_ROOT=/Users/brettonw/Library/Developer/Xcode/DerivedData/ManualCamera-ghibnlkgtnxcagcfnjroulqwbyfz/Build/Intermediates/ArchiveIntermediates/ManualCamera/IntermediateBuildFilesPath
GCC_INSTRUMENT_PROGRAM_FLOW_ARCS=NO
LEX=lex
IPHONE_DEVICE_TARGET=
SWIFT_WHOLE_MODULE_OPTIMIZATION=NO
MTL_OPTIMIZATION_LEVEL=
FRAMEWORK_FLAG_PREFIX=-framework
CLANG_ARC_MIGRATE_DIR=
CLANG_WARN_BOOL_CONVERSION=YES
MTL_ENABLE_DEBUG_INFO=
GCC_ENABLE_CPP_EXCEPTIONS=YES
INSTALL_ROOT=/Users/brettonw/Library/Developer/Xcode/DerivedData/ManualCamera-ghibnlkgtnxcagcfnjroulqwbyfz/Build/Intermediates/ArchiveIntermediates/ManualCamera/InstallationBuildProductsLocation
SHLVL=3
CLANG_WARN_OBJC_MISSING_PROPERTY_SYNTHESIS=NO
HOME=/Users/brettonw
OPENCL_DOUBLE_AS_SINGLE=NO
RECURSIVE_SEARCH_PATHS_FOLLOW_SYMLINKS=YES
SWIFT_MIGRATE_CODE=
SWIFT_MODULE_NAME=ManualCamera
SYSTEM_DEVELOPER_EXECUTABLES_DIR=
SET_DIR_MODE_OWNER_GROUP=YES
GENERATE_PROFILING_CODE=NO
OPENCL_COMPILER_VERSION=CL1.1
PLATFORM_DEVELOPER_LIBRARY_DIR=/Applications/Xcode.app/Contents/PlugIns/Xcode3Core.ideplugin/Contents/SharedSupport/Developer/Library
PROFILING_CODE=NO
APPLY_RULES_IN_COPY_FILES=NO
INCLUDED_RECURSIVE_SEARCH_PATH_SUBDIRECTORIES=
EXCLUDED_INSTALLSRC_SUBDIRECTORY_PATTERNS=.DS_Store .svn .git .hg CVS
LD_DYLIB_INSTALL_NAME=
REZ_SHOW_DEBUG_OUTPUT=NO
REZ_RESOLVE_ALIASES=Always
GCC_USE_STANDARD_INCLUDE_SEARCHING=YES
ASSETCATALOG_WARNINGS=YES
SYSTEM_LIBRARY_DIR=/System/Library
REMOVE_SVN_FROM_RESOURCES=YES
GCC_WARN_UNUSED_VALUE=YES
LEX_CASE_INSENSITIVE_SCANNER=NO
VERSION_INFO_EXPORT_DECL=
GCC_ENABLE_SSE41_EXTENSIONS=NO
RUN_CLANG_STATIC_ANALYZER=NO
CLANG_WARN_INT_CONVERSION=YES
CLANG_MODULES_PRUNE_INTERVAL=86400
SYSTEM_KEXT_INSTALL_PATH=/System/Library/Extensions
PREFIX_FLAGS=
CLANG_OPTIMIZATION_PROFILE_FILE=/Users/brettonw/Develop/GitHub/BrettonW/iOS-ManualCamera/OptimizationProfiles/ManualCamera.profdata
RETAIN_RAW_BINARIES=
LLVM_OPTIMIZATION_LEVEL_VAL_3=NO
VERBOSE_PBXCP=NO
LLVM_OPTIMIZATION_LEVEL_VAL_s=NO
DEVELOPER_BIN_DIR=/Applications/Xcode.app/Contents/Developer/usr/bin
CODE_SIGN_KEYCHAIN=
FRAMEWORKS_FOLDER_PATH=ManualCamera.app/Frameworks
XCODE_VERSION_MINOR=0630
VALID_ARCHS=arm64 armv7 armv7s
CodeSignEntitlements=
AdditionalInfoFileKeys=
SYSTEM_DEVELOPER_DEMOS_DIR=/Applications/Xcode.app/Contents/Developer/Applications/Utilities/Built Examples
LD_NO_PIE=NO
COMBINE_HIDPI_IMAGES=NO
LLVM_OPTIMIZATION_LEVEL_VAL_2=NO
CODE_SIGN_RESOURCE_RULES_IN_BUNDLE=
CLANG_WARN__EXIT_TIME_DESTRUCTORS=NO
CACHE_ROOT=/var/folders/b0/zltk1gcx1k9b6423bpr0ytnr0000gn/C/com.apple.DeveloperTools/6.3.2-6D2105/Xcode
INSTALL_PATH=/Applications
CLANG_ANALYZER_DEFINES=-D__clang_analyzer__
ORDER_FILE=
GCC_WARN_STRICT_SELECTOR_MATCH=NO
ALWAYS_USE_SEPARATE_HEADERMAPS=YES
JAVA_ARCHIVE_TYPE=JAR
LLVM_OPTIMIZATION_LEVEL_VAL_1=NO
PROJECT_DERIVED_FILE_DIR=/Users/brettonw/Library/Developer/Xcode/DerivedData/ManualCamera-ghibnlkgtnxcagcfnjroulqwbyfz/Build/Intermediates/ArchiveIntermediates/ManualCamera/IntermediateBuildFilesPath/ManualCamera.build/DerivedSources
DEBUGGING_SYMBOLS=YES
GCC_PREPROCESSOR_DEFINITIONS=
CLANG_WARN__ARC_BRIDGE_CAST_NONARC=YES
SYSTEM_DEVELOPER_BIN_DIR=/Applications/Xcode.app/Contents/Developer/usr/bin
USE_GCC3_PFE_SUPPORT=
CODE_SIGN_IDENTITY=iPhone Developer
SWIFT_INSTALL_OBJC_HEADER=YES
OPTIMIZATION_CFLAGS=
IBSC_MODULE=ManualCamera
LEGACY_DEVELOPER_DIR=/Applications/Xcode.app/Contents/PlugIns/Xcode3Core.ideplugin/Contents/SharedSupport/Developer
SECTORDER_FLAGS=
CLANG_WARN_DIRECT_OBJC_ISA_USAGE=YES_ERROR
GCC_WARN_ABOUT_MISSING_PROTOTYPES=NO
PRECOMP_DESTINATION_DIR=/Users/brettonw/Library/Developer/Xcode/DerivedData/ManualCamera-ghibnlkgtnxcagcfnjroulqwbyfz/Build/Intermediates/ArchiveIntermediates/ManualCamera/IntermediateBuildFilesPath/ManualCamera.build/Release-iphoneos/ManualCamera.build/PrefixHeaders
OPENCL_ARCHS=i386 x86_64 gpu_32 gpu_64
MACOSX_DEPLOYMENT_TARGET=
CODESIGNING_FOLDER_PATH=/Users/brettonw/Library/Developer/Xcode/DerivedData/ManualCamera-ghibnlkgtnxcagcfnjroulqwbyfz/Build/Intermediates/ArchiveIntermediates/ManualCamera/BuildProductsPath/Release-iphoneos/ManualCamera.app
CLANG_ANALYZER_OBJC_COLLECTIONS=YES
LOGNAME=brettonw
SHALLOW_BUNDLE=YES
CLANG_WARN__DUPLICATE_METHOD_MATCH=YES
LLVM_OPTIMIZATION_LEVEL_VAL_0=NO
PROVISIONING_PROFILE_REQUIRED=YES
COLOR_DIAGNOSTICS=NO
HEADERMAP_USES_VFS=NO
CLANG_ANALYZER_SECURITY_INSECUREAPI_RAND=NO
ARCHS_UNIVERSAL_IPHONE_OS=armv7 arm64
PLATFORM_DEVELOPER_BIN_DIR=/Applications/Xcode.app/Contents/Developer/Platforms/iPhoneOS.platform/Developer/usr/bin
XCODE_VERSION_MAJOR=0600
JIKES_DEFAULT_FLAGS=+E +OLDCSO
APPLE_INTERNAL_LIBRARY_DIR=/AppleInternal/Library
DEFAULT_SSE_LEVEL_3_YES=sse3
BUILD_DIR=/Users/brettonw/Library/Developer/Xcode/DerivedData/ManualCamera-ghibnlkgtnxcagcfnjroulqwbyfz/Build/Intermediates/ArchiveIntermediates/ManualCamera/BuildProductsPath
GCC_WARN_UNUSED_VARIABLE=YES
INFOPLIST_FILE=Source/Info.plist
LOCAL_LIBRARY_DIR=/Library
GCC_LINK_WITH_DYNAMIC_LIBRARIES=YES
OTHER_REZFLAGS=
LINK_WITH_STANDARD_LIBRARIES=YES
ENTITLEMENTS_ALLOWED=YES
ALWAYS_SEARCH_USER_PATHS=NO
CURRENT_VARIANT=normal
CPP_HEADERMAP_FILE_FOR_ALL_TARGET_HEADERS=/Users/brettonw/Library/Developer/Xcode/DerivedData/ManualCamera-ghibnlkgtnxcagcfnjroulqwbyfz/Build/Intermediates/ArchiveIntermediates/ManualCamera/IntermediateBuildFilesPath/ManualCamera.build/Release-iphoneos/ManualCamera.build/ManualCamera-all-target-headers.hmap
CLANG_ANALYZER_DEADCODE_DEADSTORES=YES
LD_QUOTE_LINKER_ARGUMENTS_FOR_COMPILER_DRIVER=YES
ALTERNATE_GROUP=staff
GCC_STRICT_ALIASING=YES
USE_HEADER_SYMLINKS=NO
PER_STYLE_BUILD_DIRECTORIES=
PRELINK_LIBS=
CLANG_CXX_LANGUAGE_STANDARD=gnu++0x
UID=501
GCC_WARN_UNUSED_LABEL=NO
GCC_CHAR_IS_UNSIGNED_CHAR=NO
LEX_SUPPRESS_DEFAULT_RULE=NO
OTHER_CODE_SIGN_FLAGS=
INDEX_PRECOMPS_DIR=/Users/brettonw/Library/Developer/Xcode/DerivedData/ManualCamera-ghibnlkgtnxcagcfnjroulqwbyfz/Index/PrecompiledHeaders
IPHONEOS_DEPLOYMENT_TARGET=8.1
GCC_ENABLE_FLOATING_POINT_LIBRARY_CALLS=NO
SYSTEM_DEVELOPER_USR_DIR=/Applications/Xcode.app/Contents/Developer/usr
ExpandBuildSettings=
SYSTEM_DEVELOPER_PERFORMANCE_TOOLS_DIR=/Applications/Xcode.app/Contents/Developer/Applications/Performance Tools
REZ_PREFIX_FILE=
SYSTEM_DEVELOPER_TOOLS_DOC_DIR=/Applications/Xcode.app/Contents/Developer/ADC Reference Library/documentation/DeveloperTools
GCC_PRECOMPILE_PREFIX_HEADER=YES
PLATFORM_DEVELOPER_SDK_DIR=/Applications/Xcode.app/Contents/Developer/Platforms/iPhoneOS.platform/Developer/SDKs
KEEP_PRIVATE_EXTERNS=NO
SUPPORTED_PLATFORMS=iphonesimulator iphoneos
SCRIPTS_FOLDER_PATH=ManualCamera.app/Scripts
SCAN_ALL_SOURCE_FILES_FOR_INCLUDES=NO
arch=undefined_arch
VERSIONING_SYSTEM=
OPENCL_MAD_ENABLE=NO
GCC_PREFIX_HEADER=Source/Prefix.pch
SWIFT_ENABLE_INCREMENTAL_COMPILATION=YES
NASM_OUTPUT_FILE_FORMAT=macho
WRAPPER_PREFIX=
XPCSERVICES_FOLDER_PATH=ManualCamera.app/XPCServices
CLANG_ANALYZER_MEMORY_MANAGEMENT=YES
ASSETCATALOG_COMPILER_LAUNCHIMAGE_NAME=LaunchImage
INFOSTRINGS_PATH=ManualCamera.app/English.lproj/InfoPlist.strings
CLANG_INSTRUMENT_FOR_OPTIMIZATION_PROFILING=NO
GLOBAL_CFLAGS=
REZ_RESOURCE_MAP_READ_ONLY=NO
TEST_HOST=
GENERATE_MASTER_OBJECT_FILE=NO
GCC_INPUT_FILETYPE=automatic
DYLIB_CURRENT_VERSION=
PLATFORM_PRODUCT_BUILD_VERSION=12F69
CLANG_ENABLE_MODULE_IMPLEMENTATION_OF=YES
ARCHIVE_PRODUCTS_PATH=/Users/brettonw/Library/Developer/Xcode/Archives/2015-06-20/ManualCamera 6-20-15, 2.04 AM.xcarchive/Products
GCC_WARN_UNINITIALIZED_AUTOS=YES
LLVM_LTO=NO
NATIVE_ARCH_ACTUAL=x86_64
YACC_GENERATED_FILE_STEM=Standard
INFOPLIST_EXPAND_BUILD_SETTINGS=YES
DERIVED_DATA_DIR=/Users/brettonw/Library/Developer/Xcode/DerivedData
MACOS_TYPE=
OPENCL_DENORMS_ARE_ZERO=NO
ARCHS_STANDARD_64_BIT=arm64
STRINGS_FILE_INPUT_ENCODING=
VERSION_INFO_PREFIX=
CC=
LD_NO_IMPLICIT_DYLIBS=
WATCH_DEVICE_TARGET=
SYSTEM_CORE_SERVICES_DIR=/System/Library/CoreServices
MTL_LANGUAGE_REVISION=
SHARED_FRAMEWORKS_FOLDER_PATH=ManualCamera.app/SharedFrameworks
BUILD_STYLE=Release
YACC_INSERT_LINE_DIRECTIVES=YES
EMBEDDED_PROFILE_NAME=embedded.mobileprovision
ALTERNATE_OWNER=brettonw
DEVELOPER_LIBRARY_DIR=/Applications/Xcode.app/Contents/Developer/Library
DSYMUTIL_VERBOSE=NO
HEADERMAP_USES_FRAMEWORK_PREFIX_ENTRIES=YES
LD_OBJC_ABI_VERSION=
GENERATE_PKGINFO_FILE=YES
CHMOD=/bin/chmod
OSACOMPILE_EXECUTE_ONLY=NO
ARCHS_STANDARD_32_BIT=armv7
LINKER_DISPLAYS_MANGLED_NAMES=NO
CLANG_USE_OPTIMIZATION_PROFILE=NO
ARCHS=armv7 arm64
OTHER_MIGFLAGS=
STRIPFLAGS=
CLANG_ANALYZER_ALTERNATE_EDGES=YES
SWIFT_STDLIB=swiftCore
SCHEME_ACTION_NAME=Run Script
diagnostic_message_length=0
CLANG_WARN_CONSTANT_CONVERSION=YES
DYLIB_INSTALL_NAME_BASE=
GCC_PREPROCESSOR_DEFINITIONS_NOT_USED_IN_PRECOMPS=
COMPRESS_TIFF_FILES_WHILE_COPYING=NO
GCC_WARN_INHIBIT_ALL_WARNINGS=NO
TARGET_TEMP_DIR=/Users/brettonw/Library/Developer/Xcode/DerivedData/ManualCamera-ghibnlkgtnxcagcfnjroulqwbyfz/Build/Intermediates/ArchiveIntermediates/ManualCamera/IntermediateBuildFilesPath/ManualCamera.build/Release-iphoneos/ManualCamera.build
CLANG_ANALYZER_OUTPUT=plist-multi-file
CPP_HEADERMAP_FILE_FOR_GENERATED_FILES=/Users/brettonw/Library/Developer/Xcode/DerivedData/ManualCamera-ghibnlkgtnxcagcfnjroulqwbyfz/Build/Intermediates/ArchiveIntermediates/ManualCamera/IntermediateBuildFilesPath/ManualCamera.build/Release-iphoneos/ManualCamera.build/ManualCamera-generated-files.hmap
DEBUG_INFORMATION_FORMAT=dwarf-with-dsym
REMOVE_HEADER_DIRECTORIES=NO
LD_FLAGS=
ENTITLEMENTS_REQUIRED=YES
NATIVE_ARCH=armv7
FRAMEWORK_VERSION=A
LINKER_LIBRARY_FLAGS=
GCC_ENABLE_CPP_RTTI=YES
OPENCL_AUTO_VECTORIZE_ENABLE=YES
TEMP_ROOT=/Users/brettonw/Library/Developer/Xcode/DerivedData/ManualCamera-ghibnlkgtnxcagcfnjroulqwbyfz/Build/Intermediates/ArchiveIntermediates/ManualCamera/IntermediateBuildFilesPath
LLVM_IMPLICIT_AGGRESSIVE_OPTIMIZATIONS=NO
WRAPPER_NAME=ManualCamera.app
CLANG_STATIC_ANALYZER_MODE=shallow
DEFAULT_SSE_LEVEL_3_SUPPLEMENTAL_YES=ssse3
HEADERMAP_INCLUDES_FLAT_ENTRIES_FOR_TARGET_BEING_BUILT=YES
CLANG_MODULE_CACHE_PATH=/Users/brettonw/Library/Developer/Xcode/DerivedData/ModuleCache
ASSETCATALOG_COMPILER_COMPRESS_PNGS=YES
SYSTEM_LIBRARY_EXECUTABLES_DIR=
SOURCE_ROOT=/Users/brettonw/Develop/GitHub/BrettonW/iOS-ManualCamera
LIBRARY_KEXT_INSTALL_PATH=/Library/Extensions
EXECUTABLE_EXTENSION=
FIXED_FILES_DIR=/Users/brettonw/Library/Developer/Xcode/DerivedData/ManualCamera-ghibnlkgtnxcagcfnjroulqwbyfz/Build/Intermediates/ArchiveIntermediates/ManualCamera/IntermediateBuildFilesPath/ManualCamera.build/Release-iphoneos/ManualCamera.build/FixedFiles
SYSTEM_ADMIN_APPS_DIR=/Applications/Utilities
IBC_OVERRIDING_PLUGINS_AND_FRAMEWORKS_DIR=
EXECUTABLE_FOLDER_PATH=ManualCamera.app
USE_HEADERMAP=YES
GCC_OPERATION=compile
CLANG_ANALYZER_OBJC_SELF_INIT=YES
BUILD_ROOT=/Users/brettonw/Library/Developer/Xcode/DerivedData/ManualCamera-ghibnlkgtnxcagcfnjroulqwbyfz/Build/Intermediates/ArchiveIntermediates/ManualCamera/BuildProductsPath
ASSETCATALOG_NOTICES=YES
MODULEMAP_PRIVATE_FILE=
CLANG_DEBUG_INFORMATION_LEVEL=default
_=/usr/bin/printenv
SHARED_DIR=/Users/brettonw/Develop/GitHub/BrettonW/iOS-ManualCamera/Commands
